<?xml version="1.0" encoding="UTF-8"?>
<!-- Generated by org.testng.reporters.JUnitXMLReporter -->
<testsuite hostname="MDs-MacBook-Air.fios-router.home" ignored="0" name="Default test" tests="3" failures="0" timestamp="2019-10-02T19:37:20 EDT" time="17.467" errors="0">
  <testcase name="AzHomepage" time="0.159" classname="testSet.AmazonHmPage"/>
  <testcase name="AzLogin" time="4.898" classname="testSet.AmazonHmPage"/>
  <testcase name="tittle" time="0.22" classname="testSet.AmazonHmPage"/>
</testsuite> <!-- Default test -->
