<?xml version="1.0" encoding="UTF-8"?>
<!-- Generated by org.testng.reporters.JUnitXMLReporter -->
<testsuite hostname="MDs-MacBook-Air.fios-router.home" ignored="0" name="Default test" tests="3" failures="0" timestamp="2019-10-05T20:38:40 EDT" time="18.347" errors="0">
  <testcase name="AzHomepage" time="0.032" classname="testSet.AmazonHmPage"/>
  <testcase name="AzLogin" time="4.626" classname="testSet.AmazonHmPage"/>
  <testcase name="tittle" time="0.183" classname="testSet.AmazonHmPage"/>
</testsuite> <!-- Default test -->
