<?xml version="1.0" encoding="UTF-8"?>
<!-- Generated by org.testng.reporters.JUnitXMLReporter -->
<testsuite hostname="MDs-MacBook-Air.fios-router.home" ignored="0" name="Test1" tests="9" failures="0" timestamp="2019-12-26T01:41:07 EST" time="13.619" errors="0">
  <testcase name="@BeforeMethod setupbrowser" time="2.477" classname="base.Config">
    <failure type="org.openqa.selenium.SessionNotCreatedException" message="session not created: This version of ChromeDriver only supports Chrome version 77
Build info: version: &amp;apos;3.141.59&amp;apos;, revision: &amp;apos;e82be7d358&amp;apos;, time: &amp;apos;2018-11-14T08:25:48&amp;apos;
System info: host: &amp;apos;MDs-MacBook-Air.fios-router.home&amp;apos;, ip: &amp;apos;fe80:0:0:0:142a:bfee:a62f:30ef%en0&amp;apos;, os.name: &amp;apos;Mac OS X&amp;apos;, os.arch: &amp;apos;x86_64&amp;apos;, os.version: &amp;apos;10.15.2&amp;apos;, java.version: &amp;apos;1.8.0_221&amp;apos;
Driver info: driver.version: ChromeDriver
remote stacktrace: 0   chromedriver                        0x00000001048acf09 chromedriver + 3694345
1   chromedriver                        0x0000000104839fd3 chromedriver + 3223507
2   chromedriver                        0x00000001045d958f chromedriver + 730511
3   chromedriver                        0x000000010453f10b chromedriver + 98571
4   chromedriver                        0x000000010453b22a chromedriver + 82474
5   chromedriver                        0x0000000104568b71 chromedriver + 269169
6   chromedriver                        0x0000000104565e83 chromedriver + 257667
7   chromedriver                        0x000000010454123d chromedriver + 107069
8   chromedriver                        0x00000001045421d5 chromedriver + 111061
9   chromedriver                        0x000000010486807f chromedriver + 3412095
10  chromedriver                        0x0000000104874ced chromedriver + 3464429
11  chromedriver                        0x0000000104874a78 chromedriver + 3463800
12  chromedriver                        0x0000000104847959 chromedriver + 3279193
13  chromedriver                        0x0000000104875548 chromedriver + 3466568
14  chromedriver                        0x000000010485c1b7 chromedriver + 3363255
15  chromedriver                        0x0000000104893474 chromedriver + 3589236
16  chromedriver                        0x00000001048b2ce7 chromedriver + 3718375
17  libsystem_pthread.dylib             0x00007fff6b7e9e65 _pthread_start + 148
18  libsystem_pthread.dylib             0x00007fff6b7e583b thread_start + 15
">
      <![CDATA[org.openqa.selenium.SessionNotCreatedException: session not created: This version of ChromeDriver only supports Chrome version 77
Build info: version: '3.141.59', revision: 'e82be7d358', time: '2018-11-14T08:25:48'
System info: host: 'MDs-MacBook-Air.fios-router.home', ip: 'fe80:0:0:0:142a:bfee:a62f:30ef%en0', os.name: 'Mac OS X', os.arch: 'x86_64', os.version: '10.15.2', java.version: '1.8.0_221'
Driver info: driver.version: ChromeDriver
remote stacktrace: 0   chromedriver                        0x00000001048acf09 chromedriver + 3694345
1   chromedriver                        0x0000000104839fd3 chromedriver + 3223507
2   chromedriver                        0x00000001045d958f chromedriver + 730511
3   chromedriver                        0x000000010453f10b chromedriver + 98571
4   chromedriver                        0x000000010453b22a chromedriver + 82474
5   chromedriver                        0x0000000104568b71 chromedriver + 269169
6   chromedriver                        0x0000000104565e83 chromedriver + 257667
7   chromedriver                        0x000000010454123d chromedriver + 107069
8   chromedriver                        0x00000001045421d5 chromedriver + 111061
9   chromedriver                        0x000000010486807f chromedriver + 3412095
10  chromedriver                        0x0000000104874ced chromedriver + 3464429
11  chromedriver                        0x0000000104874a78 chromedriver + 3463800
12  chromedriver                        0x0000000104847959 chromedriver + 3279193
13  chromedriver                        0x0000000104875548 chromedriver + 3466568
14  chromedriver                        0x000000010485c1b7 chromedriver + 3363255
15  chromedriver                        0x0000000104893474 chromedriver + 3589236
16  chromedriver                        0x00000001048b2ce7 chromedriver + 3718375
17  libsystem_pthread.dylib             0x00007fff6b7e9e65 _pthread_start + 148
18  libsystem_pthread.dylib             0x00007fff6b7e583b thread_start + 15

at org.openqa.selenium.remote.W3CHandshakeResponse.lambda$errorHandler$0(W3CHandshakeResponse.java:62)
at org.openqa.selenium.remote.HandshakeResponse.lambda$getResponseFunction$0(HandshakeResponse.java:30)
at org.openqa.selenium.remote.ProtocolHandshake.lambda$createSession$0(ProtocolHandshake.java:126)
at java.util.stream.ReferencePipeline$3$1.accept(ReferencePipeline.java:193)
at java.util.Spliterators$ArraySpliterator.tryAdvance(Spliterators.java:958)
at java.util.stream.ReferencePipeline.forEachWithCancel(ReferencePipeline.java:126)
at java.util.stream.AbstractPipeline.copyIntoWithCancel(AbstractPipeline.java:499)
at java.util.stream.AbstractPipeline.copyInto(AbstractPipeline.java:486)
at java.util.stream.AbstractPipeline.wrapAndCopyInto(AbstractPipeline.java:472)
at java.util.stream.FindOps$FindOp.evaluateSequential(FindOps.java:152)
at java.util.stream.AbstractPipeline.evaluate(AbstractPipeline.java:234)
at java.util.stream.ReferencePipeline.findFirst(ReferencePipeline.java:464)
at org.openqa.selenium.remote.ProtocolHandshake.createSession(ProtocolHandshake.java:128)
at org.openqa.selenium.remote.ProtocolHandshake.createSession(ProtocolHandshake.java:74)
at org.openqa.selenium.remote.HttpCommandExecutor.execute(HttpCommandExecutor.java:136)
at org.openqa.selenium.remote.service.DriverCommandExecutor.execute(DriverCommandExecutor.java:83)
at org.openqa.selenium.remote.RemoteWebDriver.execute(RemoteWebDriver.java:552)
at org.openqa.selenium.remote.RemoteWebDriver.startSession(RemoteWebDriver.java:213)
at org.openqa.selenium.remote.RemoteWebDriver.<init>(RemoteWebDriver.java:131)
at org.openqa.selenium.chrome.ChromeDriver.<init>(ChromeDriver.java:181)
at org.openqa.selenium.chrome.ChromeDriver.<init>(ChromeDriver.java:168)
at org.openqa.selenium.chrome.ChromeDriver.<init>(ChromeDriver.java:123)
at base.Config.setupbrowser(Config.java:24)
at java.util.ArrayList.forEach(ArrayList.java:1257)
at java.util.concurrent.FutureTask.run(FutureTask.java:266)
at java.util.concurrent.ThreadPoolExecutor.runWorker(ThreadPoolExecutor.java:1149)
at java.util.concurrent.ThreadPoolExecutor$Worker.run(ThreadPoolExecutor.java:624)
at java.lang.Thread.run(Thread.java:748)
... Removed 26 stack frames]]>
    </failure>
  </testcase> <!-- @BeforeMethod setupbrowser -->
  <testcase name="@AfterMethod close" time="0.0" classname="base.Config">
    <failure type="java.lang.NullPointerException">
      <![CDATA[java.lang.NullPointerException
at base.Config.close(Config.java:49)
at java.util.ArrayList.forEach(ArrayList.java:1257)
at java.util.concurrent.FutureTask.run(FutureTask.java:266)
at java.util.concurrent.ThreadPoolExecutor.runWorker(ThreadPoolExecutor.java:1149)
at java.util.concurrent.ThreadPoolExecutor$Worker.run(ThreadPoolExecutor.java:624)
at java.lang.Thread.run(Thread.java:748)
... Removed 23 stack frames]]>
    </failure>
  </testcase> <!-- @AfterMethod close -->
  <testcase name="@BeforeMethod setupbrowser" time="1.348" classname="base.Config">
    <failure type="org.openqa.selenium.SessionNotCreatedException" message="session not created: This version of ChromeDriver only supports Chrome version 77
Build info: version: &amp;apos;3.141.59&amp;apos;, revision: &amp;apos;e82be7d358&amp;apos;, time: &amp;apos;2018-11-14T08:25:48&amp;apos;
System info: host: &amp;apos;MDs-MacBook-Air.fios-router.home&amp;apos;, ip: &amp;apos;fe80:0:0:0:142a:bfee:a62f:30ef%en0&amp;apos;, os.name: &amp;apos;Mac OS X&amp;apos;, os.arch: &amp;apos;x86_64&amp;apos;, os.version: &amp;apos;10.15.2&amp;apos;, java.version: &amp;apos;1.8.0_221&amp;apos;
Driver info: driver.version: ChromeDriver
remote stacktrace: 0   chromedriver                        0x00000001101f6f09 chromedriver + 3694345
1   chromedriver                        0x0000000110183fd3 chromedriver + 3223507
2   chromedriver                        0x000000010ff2358f chromedriver + 730511
3   chromedriver                        0x000000010fe8910b chromedriver + 98571
4   chromedriver                        0x000000010fe8522a chromedriver + 82474
5   chromedriver                        0x000000010feb2b71 chromedriver + 269169
6   chromedriver                        0x000000010feafe83 chromedriver + 257667
7   chromedriver                        0x000000010fe8b23d chromedriver + 107069
8   chromedriver                        0x000000010fe8c1d5 chromedriver + 111061
9   chromedriver                        0x00000001101b207f chromedriver + 3412095
10  chromedriver                        0x00000001101beced chromedriver + 3464429
11  chromedriver                        0x00000001101bea78 chromedriver + 3463800
12  chromedriver                        0x0000000110191959 chromedriver + 3279193
13  chromedriver                        0x00000001101bf548 chromedriver + 3466568
14  chromedriver                        0x00000001101a61b7 chromedriver + 3363255
15  chromedriver                        0x00000001101dd474 chromedriver + 3589236
16  chromedriver                        0x00000001101fcce7 chromedriver + 3718375
17  libsystem_pthread.dylib             0x00007fff6b7e9e65 _pthread_start + 148
18  libsystem_pthread.dylib             0x00007fff6b7e583b thread_start + 15
">
      <![CDATA[org.openqa.selenium.SessionNotCreatedException: session not created: This version of ChromeDriver only supports Chrome version 77
Build info: version: '3.141.59', revision: 'e82be7d358', time: '2018-11-14T08:25:48'
System info: host: 'MDs-MacBook-Air.fios-router.home', ip: 'fe80:0:0:0:142a:bfee:a62f:30ef%en0', os.name: 'Mac OS X', os.arch: 'x86_64', os.version: '10.15.2', java.version: '1.8.0_221'
Driver info: driver.version: ChromeDriver
remote stacktrace: 0   chromedriver                        0x00000001101f6f09 chromedriver + 3694345
1   chromedriver                        0x0000000110183fd3 chromedriver + 3223507
2   chromedriver                        0x000000010ff2358f chromedriver + 730511
3   chromedriver                        0x000000010fe8910b chromedriver + 98571
4   chromedriver                        0x000000010fe8522a chromedriver + 82474
5   chromedriver                        0x000000010feb2b71 chromedriver + 269169
6   chromedriver                        0x000000010feafe83 chromedriver + 257667
7   chromedriver                        0x000000010fe8b23d chromedriver + 107069
8   chromedriver                        0x000000010fe8c1d5 chromedriver + 111061
9   chromedriver                        0x00000001101b207f chromedriver + 3412095
10  chromedriver                        0x00000001101beced chromedriver + 3464429
11  chromedriver                        0x00000001101bea78 chromedriver + 3463800
12  chromedriver                        0x0000000110191959 chromedriver + 3279193
13  chromedriver                        0x00000001101bf548 chromedriver + 3466568
14  chromedriver                        0x00000001101a61b7 chromedriver + 3363255
15  chromedriver                        0x00000001101dd474 chromedriver + 3589236
16  chromedriver                        0x00000001101fcce7 chromedriver + 3718375
17  libsystem_pthread.dylib             0x00007fff6b7e9e65 _pthread_start + 148
18  libsystem_pthread.dylib             0x00007fff6b7e583b thread_start + 15

at org.openqa.selenium.remote.W3CHandshakeResponse.lambda$errorHandler$0(W3CHandshakeResponse.java:62)
at org.openqa.selenium.remote.HandshakeResponse.lambda$getResponseFunction$0(HandshakeResponse.java:30)
at org.openqa.selenium.remote.ProtocolHandshake.lambda$createSession$0(ProtocolHandshake.java:126)
at java.util.stream.ReferencePipeline$3$1.accept(ReferencePipeline.java:193)
at java.util.Spliterators$ArraySpliterator.tryAdvance(Spliterators.java:958)
at java.util.stream.ReferencePipeline.forEachWithCancel(ReferencePipeline.java:126)
at java.util.stream.AbstractPipeline.copyIntoWithCancel(AbstractPipeline.java:499)
at java.util.stream.AbstractPipeline.copyInto(AbstractPipeline.java:486)
at java.util.stream.AbstractPipeline.wrapAndCopyInto(AbstractPipeline.java:472)
at java.util.stream.FindOps$FindOp.evaluateSequential(FindOps.java:152)
at java.util.stream.AbstractPipeline.evaluate(AbstractPipeline.java:234)
at java.util.stream.ReferencePipeline.findFirst(ReferencePipeline.java:464)
at org.openqa.selenium.remote.ProtocolHandshake.createSession(ProtocolHandshake.java:128)
at org.openqa.selenium.remote.ProtocolHandshake.createSession(ProtocolHandshake.java:74)
at org.openqa.selenium.remote.HttpCommandExecutor.execute(HttpCommandExecutor.java:136)
at org.openqa.selenium.remote.service.DriverCommandExecutor.execute(DriverCommandExecutor.java:83)
at org.openqa.selenium.remote.RemoteWebDriver.execute(RemoteWebDriver.java:552)
at org.openqa.selenium.remote.RemoteWebDriver.startSession(RemoteWebDriver.java:213)
at org.openqa.selenium.remote.RemoteWebDriver.<init>(RemoteWebDriver.java:131)
at org.openqa.selenium.chrome.ChromeDriver.<init>(ChromeDriver.java:181)
at org.openqa.selenium.chrome.ChromeDriver.<init>(ChromeDriver.java:168)
at org.openqa.selenium.chrome.ChromeDriver.<init>(ChromeDriver.java:123)
at base.Config.setupbrowser(Config.java:24)
at java.util.ArrayList.forEach(ArrayList.java:1257)
at java.util.concurrent.FutureTask.run(FutureTask.java:266)
at java.util.concurrent.ThreadPoolExecutor.runWorker(ThreadPoolExecutor.java:1149)
at java.util.concurrent.ThreadPoolExecutor$Worker.run(ThreadPoolExecutor.java:624)
at java.lang.Thread.run(Thread.java:748)
... Removed 26 stack frames]]>
    </failure>
  </testcase> <!-- @BeforeMethod setupbrowser -->
  <testcase name="@AfterMethod close" time="0.0" classname="base.Config">
    <failure type="java.lang.NullPointerException">
      <![CDATA[java.lang.NullPointerException
at base.Config.close(Config.java:49)
at java.util.ArrayList.forEach(ArrayList.java:1257)
at java.util.concurrent.FutureTask.run(FutureTask.java:266)
at java.util.concurrent.ThreadPoolExecutor.runWorker(ThreadPoolExecutor.java:1149)
at java.util.concurrent.ThreadPoolExecutor$Worker.run(ThreadPoolExecutor.java:624)
at java.lang.Thread.run(Thread.java:748)
... Removed 23 stack frames]]>
    </failure>
  </testcase> <!-- @AfterMethod close -->
  <testcase name="@BeforeMethod setupbrowser" time="1.39" classname="base.Config">
    <failure type="org.openqa.selenium.SessionNotCreatedException" message="session not created: This version of ChromeDriver only supports Chrome version 77
Build info: version: &amp;apos;3.141.59&amp;apos;, revision: &amp;apos;e82be7d358&amp;apos;, time: &amp;apos;2018-11-14T08:25:48&amp;apos;
System info: host: &amp;apos;MDs-MacBook-Air.fios-router.home&amp;apos;, ip: &amp;apos;fe80:0:0:0:142a:bfee:a62f:30ef%en0&amp;apos;, os.name: &amp;apos;Mac OS X&amp;apos;, os.arch: &amp;apos;x86_64&amp;apos;, os.version: &amp;apos;10.15.2&amp;apos;, java.version: &amp;apos;1.8.0_221&amp;apos;
Driver info: driver.version: ChromeDriver
remote stacktrace: 0   chromedriver                        0x0000000104f82f09 chromedriver + 3694345
1   chromedriver                        0x0000000104f0ffd3 chromedriver + 3223507
2   chromedriver                        0x0000000104caf58f chromedriver + 730511
3   chromedriver                        0x0000000104c1510b chromedriver + 98571
4   chromedriver                        0x0000000104c1122a chromedriver + 82474
5   chromedriver                        0x0000000104c3eb71 chromedriver + 269169
6   chromedriver                        0x0000000104c3be83 chromedriver + 257667
7   chromedriver                        0x0000000104c1723d chromedriver + 107069
8   chromedriver                        0x0000000104c181d5 chromedriver + 111061
9   chromedriver                        0x0000000104f3e07f chromedriver + 3412095
10  chromedriver                        0x0000000104f4aced chromedriver + 3464429
11  chromedriver                        0x0000000104f4aa78 chromedriver + 3463800
12  chromedriver                        0x0000000104f1d959 chromedriver + 3279193
13  chromedriver                        0x0000000104f4b548 chromedriver + 3466568
14  chromedriver                        0x0000000104f321b7 chromedriver + 3363255
15  chromedriver                        0x0000000104f69474 chromedriver + 3589236
16  chromedriver                        0x0000000104f88ce7 chromedriver + 3718375
17  libsystem_pthread.dylib             0x00007fff6b7e9e65 _pthread_start + 148
18  libsystem_pthread.dylib             0x00007fff6b7e583b thread_start + 15
">
      <![CDATA[org.openqa.selenium.SessionNotCreatedException: session not created: This version of ChromeDriver only supports Chrome version 77
Build info: version: '3.141.59', revision: 'e82be7d358', time: '2018-11-14T08:25:48'
System info: host: 'MDs-MacBook-Air.fios-router.home', ip: 'fe80:0:0:0:142a:bfee:a62f:30ef%en0', os.name: 'Mac OS X', os.arch: 'x86_64', os.version: '10.15.2', java.version: '1.8.0_221'
Driver info: driver.version: ChromeDriver
remote stacktrace: 0   chromedriver                        0x0000000104f82f09 chromedriver + 3694345
1   chromedriver                        0x0000000104f0ffd3 chromedriver + 3223507
2   chromedriver                        0x0000000104caf58f chromedriver + 730511
3   chromedriver                        0x0000000104c1510b chromedriver + 98571
4   chromedriver                        0x0000000104c1122a chromedriver + 82474
5   chromedriver                        0x0000000104c3eb71 chromedriver + 269169
6   chromedriver                        0x0000000104c3be83 chromedriver + 257667
7   chromedriver                        0x0000000104c1723d chromedriver + 107069
8   chromedriver                        0x0000000104c181d5 chromedriver + 111061
9   chromedriver                        0x0000000104f3e07f chromedriver + 3412095
10  chromedriver                        0x0000000104f4aced chromedriver + 3464429
11  chromedriver                        0x0000000104f4aa78 chromedriver + 3463800
12  chromedriver                        0x0000000104f1d959 chromedriver + 3279193
13  chromedriver                        0x0000000104f4b548 chromedriver + 3466568
14  chromedriver                        0x0000000104f321b7 chromedriver + 3363255
15  chromedriver                        0x0000000104f69474 chromedriver + 3589236
16  chromedriver                        0x0000000104f88ce7 chromedriver + 3718375
17  libsystem_pthread.dylib             0x00007fff6b7e9e65 _pthread_start + 148
18  libsystem_pthread.dylib             0x00007fff6b7e583b thread_start + 15

at org.openqa.selenium.remote.W3CHandshakeResponse.lambda$errorHandler$0(W3CHandshakeResponse.java:62)
at org.openqa.selenium.remote.HandshakeResponse.lambda$getResponseFunction$0(HandshakeResponse.java:30)
at org.openqa.selenium.remote.ProtocolHandshake.lambda$createSession$0(ProtocolHandshake.java:126)
at java.util.stream.ReferencePipeline$3$1.accept(ReferencePipeline.java:193)
at java.util.Spliterators$ArraySpliterator.tryAdvance(Spliterators.java:958)
at java.util.stream.ReferencePipeline.forEachWithCancel(ReferencePipeline.java:126)
at java.util.stream.AbstractPipeline.copyIntoWithCancel(AbstractPipeline.java:499)
at java.util.stream.AbstractPipeline.copyInto(AbstractPipeline.java:486)
at java.util.stream.AbstractPipeline.wrapAndCopyInto(AbstractPipeline.java:472)
at java.util.stream.FindOps$FindOp.evaluateSequential(FindOps.java:152)
at java.util.stream.AbstractPipeline.evaluate(AbstractPipeline.java:234)
at java.util.stream.ReferencePipeline.findFirst(ReferencePipeline.java:464)
at org.openqa.selenium.remote.ProtocolHandshake.createSession(ProtocolHandshake.java:128)
at org.openqa.selenium.remote.ProtocolHandshake.createSession(ProtocolHandshake.java:74)
at org.openqa.selenium.remote.HttpCommandExecutor.execute(HttpCommandExecutor.java:136)
at org.openqa.selenium.remote.service.DriverCommandExecutor.execute(DriverCommandExecutor.java:83)
at org.openqa.selenium.remote.RemoteWebDriver.execute(RemoteWebDriver.java:552)
at org.openqa.selenium.remote.RemoteWebDriver.startSession(RemoteWebDriver.java:213)
at org.openqa.selenium.remote.RemoteWebDriver.<init>(RemoteWebDriver.java:131)
at org.openqa.selenium.chrome.ChromeDriver.<init>(ChromeDriver.java:181)
at org.openqa.selenium.chrome.ChromeDriver.<init>(ChromeDriver.java:168)
at org.openqa.selenium.chrome.ChromeDriver.<init>(ChromeDriver.java:123)
at base.Config.setupbrowser(Config.java:24)
at java.util.ArrayList.forEach(ArrayList.java:1257)
at java.util.concurrent.FutureTask.run(FutureTask.java:266)
at java.util.concurrent.ThreadPoolExecutor.runWorker(ThreadPoolExecutor.java:1149)
at java.util.concurrent.ThreadPoolExecutor$Worker.run(ThreadPoolExecutor.java:624)
at java.lang.Thread.run(Thread.java:748)
... Removed 26 stack frames]]>
    </failure>
  </testcase> <!-- @BeforeMethod setupbrowser -->
  <testcase name="@AfterMethod close" time="0.002" classname="base.Config">
    <failure type="java.lang.NullPointerException">
      <![CDATA[java.lang.NullPointerException
at base.Config.close(Config.java:49)
at java.util.ArrayList.forEach(ArrayList.java:1257)
at java.util.concurrent.FutureTask.run(FutureTask.java:266)
at java.util.concurrent.ThreadPoolExecutor.runWorker(ThreadPoolExecutor.java:1149)
at java.util.concurrent.ThreadPoolExecutor$Worker.run(ThreadPoolExecutor.java:624)
at java.lang.Thread.run(Thread.java:748)
... Removed 23 stack frames]]>
    </failure>
  </testcase> <!-- @AfterMethod close -->
  <testcase name="@BeforeMethod setupbrowser" time="1.275" classname="base.Config">
    <failure type="org.openqa.selenium.SessionNotCreatedException" message="session not created: This version of ChromeDriver only supports Chrome version 77
Build info: version: &amp;apos;3.141.59&amp;apos;, revision: &amp;apos;e82be7d358&amp;apos;, time: &amp;apos;2018-11-14T08:25:48&amp;apos;
System info: host: &amp;apos;MDs-MacBook-Air.fios-router.home&amp;apos;, ip: &amp;apos;fe80:0:0:0:142a:bfee:a62f:30ef%en0&amp;apos;, os.name: &amp;apos;Mac OS X&amp;apos;, os.arch: &amp;apos;x86_64&amp;apos;, os.version: &amp;apos;10.15.2&amp;apos;, java.version: &amp;apos;1.8.0_221&amp;apos;
Driver info: driver.version: ChromeDriver
remote stacktrace: 0   chromedriver                        0x000000010940cf09 chromedriver + 3694345
1   chromedriver                        0x0000000109399fd3 chromedriver + 3223507
2   chromedriver                        0x000000010913958f chromedriver + 730511
3   chromedriver                        0x000000010909f10b chromedriver + 98571
4   chromedriver                        0x000000010909b22a chromedriver + 82474
5   chromedriver                        0x00000001090c8b71 chromedriver + 269169
6   chromedriver                        0x00000001090c5e83 chromedriver + 257667
7   chromedriver                        0x00000001090a123d chromedriver + 107069
8   chromedriver                        0x00000001090a21d5 chromedriver + 111061
9   chromedriver                        0x00000001093c807f chromedriver + 3412095
10  chromedriver                        0x00000001093d4ced chromedriver + 3464429
11  chromedriver                        0x00000001093d4a78 chromedriver + 3463800
12  chromedriver                        0x00000001093a7959 chromedriver + 3279193
13  chromedriver                        0x00000001093d5548 chromedriver + 3466568
14  chromedriver                        0x00000001093bc1b7 chromedriver + 3363255
15  chromedriver                        0x00000001093f3474 chromedriver + 3589236
16  chromedriver                        0x0000000109412ce7 chromedriver + 3718375
17  libsystem_pthread.dylib             0x00007fff6b7e9e65 _pthread_start + 148
18  libsystem_pthread.dylib             0x00007fff6b7e583b thread_start + 15
">
      <![CDATA[org.openqa.selenium.SessionNotCreatedException: session not created: This version of ChromeDriver only supports Chrome version 77
Build info: version: '3.141.59', revision: 'e82be7d358', time: '2018-11-14T08:25:48'
System info: host: 'MDs-MacBook-Air.fios-router.home', ip: 'fe80:0:0:0:142a:bfee:a62f:30ef%en0', os.name: 'Mac OS X', os.arch: 'x86_64', os.version: '10.15.2', java.version: '1.8.0_221'
Driver info: driver.version: ChromeDriver
remote stacktrace: 0   chromedriver                        0x000000010940cf09 chromedriver + 3694345
1   chromedriver                        0x0000000109399fd3 chromedriver + 3223507
2   chromedriver                        0x000000010913958f chromedriver + 730511
3   chromedriver                        0x000000010909f10b chromedriver + 98571
4   chromedriver                        0x000000010909b22a chromedriver + 82474
5   chromedriver                        0x00000001090c8b71 chromedriver + 269169
6   chromedriver                        0x00000001090c5e83 chromedriver + 257667
7   chromedriver                        0x00000001090a123d chromedriver + 107069
8   chromedriver                        0x00000001090a21d5 chromedriver + 111061
9   chromedriver                        0x00000001093c807f chromedriver + 3412095
10  chromedriver                        0x00000001093d4ced chromedriver + 3464429
11  chromedriver                        0x00000001093d4a78 chromedriver + 3463800
12  chromedriver                        0x00000001093a7959 chromedriver + 3279193
13  chromedriver                        0x00000001093d5548 chromedriver + 3466568
14  chromedriver                        0x00000001093bc1b7 chromedriver + 3363255
15  chromedriver                        0x00000001093f3474 chromedriver + 3589236
16  chromedriver                        0x0000000109412ce7 chromedriver + 3718375
17  libsystem_pthread.dylib             0x00007fff6b7e9e65 _pthread_start + 148
18  libsystem_pthread.dylib             0x00007fff6b7e583b thread_start + 15

at org.openqa.selenium.remote.W3CHandshakeResponse.lambda$errorHandler$0(W3CHandshakeResponse.java:62)
at org.openqa.selenium.remote.HandshakeResponse.lambda$getResponseFunction$0(HandshakeResponse.java:30)
at org.openqa.selenium.remote.ProtocolHandshake.lambda$createSession$0(ProtocolHandshake.java:126)
at java.util.stream.ReferencePipeline$3$1.accept(ReferencePipeline.java:193)
at java.util.Spliterators$ArraySpliterator.tryAdvance(Spliterators.java:958)
at java.util.stream.ReferencePipeline.forEachWithCancel(ReferencePipeline.java:126)
at java.util.stream.AbstractPipeline.copyIntoWithCancel(AbstractPipeline.java:499)
at java.util.stream.AbstractPipeline.copyInto(AbstractPipeline.java:486)
at java.util.stream.AbstractPipeline.wrapAndCopyInto(AbstractPipeline.java:472)
at java.util.stream.FindOps$FindOp.evaluateSequential(FindOps.java:152)
at java.util.stream.AbstractPipeline.evaluate(AbstractPipeline.java:234)
at java.util.stream.ReferencePipeline.findFirst(ReferencePipeline.java:464)
at org.openqa.selenium.remote.ProtocolHandshake.createSession(ProtocolHandshake.java:128)
at org.openqa.selenium.remote.ProtocolHandshake.createSession(ProtocolHandshake.java:74)
at org.openqa.selenium.remote.HttpCommandExecutor.execute(HttpCommandExecutor.java:136)
at org.openqa.selenium.remote.service.DriverCommandExecutor.execute(DriverCommandExecutor.java:83)
at org.openqa.selenium.remote.RemoteWebDriver.execute(RemoteWebDriver.java:552)
at org.openqa.selenium.remote.RemoteWebDriver.startSession(RemoteWebDriver.java:213)
at org.openqa.selenium.remote.RemoteWebDriver.<init>(RemoteWebDriver.java:131)
at org.openqa.selenium.chrome.ChromeDriver.<init>(ChromeDriver.java:181)
at org.openqa.selenium.chrome.ChromeDriver.<init>(ChromeDriver.java:168)
at org.openqa.selenium.chrome.ChromeDriver.<init>(ChromeDriver.java:123)
at base.Config.setupbrowser(Config.java:24)
at java.util.ArrayList.forEach(ArrayList.java:1257)
at java.util.concurrent.FutureTask.run(FutureTask.java:266)
at java.util.concurrent.ThreadPoolExecutor.runWorker(ThreadPoolExecutor.java:1149)
at java.util.concurrent.ThreadPoolExecutor$Worker.run(ThreadPoolExecutor.java:624)
at java.lang.Thread.run(Thread.java:748)
... Removed 26 stack frames]]>
    </failure>
  </testcase> <!-- @BeforeMethod setupbrowser -->
  <testcase name="@AfterMethod close" time="0.001" classname="base.Config">
    <failure type="java.lang.NullPointerException">
      <![CDATA[java.lang.NullPointerException
at base.Config.close(Config.java:49)
at java.util.ArrayList.forEach(ArrayList.java:1257)
at java.util.concurrent.FutureTask.run(FutureTask.java:266)
at java.util.concurrent.ThreadPoolExecutor.runWorker(ThreadPoolExecutor.java:1149)
at java.util.concurrent.ThreadPoolExecutor$Worker.run(ThreadPoolExecutor.java:624)
at java.lang.Thread.run(Thread.java:748)
... Removed 23 stack frames]]>
    </failure>
  </testcase> <!-- @AfterMethod close -->
  <testcase name="@BeforeMethod setupbrowser" time="1.36" classname="base.Config">
    <failure type="org.openqa.selenium.SessionNotCreatedException" message="session not created: This version of ChromeDriver only supports Chrome version 77
Build info: version: &amp;apos;3.141.59&amp;apos;, revision: &amp;apos;e82be7d358&amp;apos;, time: &amp;apos;2018-11-14T08:25:48&amp;apos;
System info: host: &amp;apos;MDs-MacBook-Air.fios-router.home&amp;apos;, ip: &amp;apos;fe80:0:0:0:142a:bfee:a62f:30ef%en0&amp;apos;, os.name: &amp;apos;Mac OS X&amp;apos;, os.arch: &amp;apos;x86_64&amp;apos;, os.version: &amp;apos;10.15.2&amp;apos;, java.version: &amp;apos;1.8.0_221&amp;apos;
Driver info: driver.version: ChromeDriver
remote stacktrace: 0   chromedriver                        0x00000001038b2f09 chromedriver + 3694345
1   chromedriver                        0x000000010383ffd3 chromedriver + 3223507
2   chromedriver                        0x00000001035df58f chromedriver + 730511
3   chromedriver                        0x000000010354510b chromedriver + 98571
4   chromedriver                        0x000000010354122a chromedriver + 82474
5   chromedriver                        0x000000010356eb71 chromedriver + 269169
6   chromedriver                        0x000000010356be83 chromedriver + 257667
7   chromedriver                        0x000000010354723d chromedriver + 107069
8   chromedriver                        0x00000001035481d5 chromedriver + 111061
9   chromedriver                        0x000000010386e07f chromedriver + 3412095
10  chromedriver                        0x000000010387aced chromedriver + 3464429
11  chromedriver                        0x000000010387aa78 chromedriver + 3463800
12  chromedriver                        0x000000010384d959 chromedriver + 3279193
13  chromedriver                        0x000000010387b548 chromedriver + 3466568
14  chromedriver                        0x00000001038621b7 chromedriver + 3363255
15  chromedriver                        0x0000000103899474 chromedriver + 3589236
16  chromedriver                        0x00000001038b8ce7 chromedriver + 3718375
17  libsystem_pthread.dylib             0x00007fff6b7e9e65 _pthread_start + 148
18  libsystem_pthread.dylib             0x00007fff6b7e583b thread_start + 15
">
      <![CDATA[org.openqa.selenium.SessionNotCreatedException: session not created: This version of ChromeDriver only supports Chrome version 77
Build info: version: '3.141.59', revision: 'e82be7d358', time: '2018-11-14T08:25:48'
System info: host: 'MDs-MacBook-Air.fios-router.home', ip: 'fe80:0:0:0:142a:bfee:a62f:30ef%en0', os.name: 'Mac OS X', os.arch: 'x86_64', os.version: '10.15.2', java.version: '1.8.0_221'
Driver info: driver.version: ChromeDriver
remote stacktrace: 0   chromedriver                        0x00000001038b2f09 chromedriver + 3694345
1   chromedriver                        0x000000010383ffd3 chromedriver + 3223507
2   chromedriver                        0x00000001035df58f chromedriver + 730511
3   chromedriver                        0x000000010354510b chromedriver + 98571
4   chromedriver                        0x000000010354122a chromedriver + 82474
5   chromedriver                        0x000000010356eb71 chromedriver + 269169
6   chromedriver                        0x000000010356be83 chromedriver + 257667
7   chromedriver                        0x000000010354723d chromedriver + 107069
8   chromedriver                        0x00000001035481d5 chromedriver + 111061
9   chromedriver                        0x000000010386e07f chromedriver + 3412095
10  chromedriver                        0x000000010387aced chromedriver + 3464429
11  chromedriver                        0x000000010387aa78 chromedriver + 3463800
12  chromedriver                        0x000000010384d959 chromedriver + 3279193
13  chromedriver                        0x000000010387b548 chromedriver + 3466568
14  chromedriver                        0x00000001038621b7 chromedriver + 3363255
15  chromedriver                        0x0000000103899474 chromedriver + 3589236
16  chromedriver                        0x00000001038b8ce7 chromedriver + 3718375
17  libsystem_pthread.dylib             0x00007fff6b7e9e65 _pthread_start + 148
18  libsystem_pthread.dylib             0x00007fff6b7e583b thread_start + 15

at org.openqa.selenium.remote.W3CHandshakeResponse.lambda$errorHandler$0(W3CHandshakeResponse.java:62)
at org.openqa.selenium.remote.HandshakeResponse.lambda$getResponseFunction$0(HandshakeResponse.java:30)
at org.openqa.selenium.remote.ProtocolHandshake.lambda$createSession$0(ProtocolHandshake.java:126)
at java.util.stream.ReferencePipeline$3$1.accept(ReferencePipeline.java:193)
at java.util.Spliterators$ArraySpliterator.tryAdvance(Spliterators.java:958)
at java.util.stream.ReferencePipeline.forEachWithCancel(ReferencePipeline.java:126)
at java.util.stream.AbstractPipeline.copyIntoWithCancel(AbstractPipeline.java:499)
at java.util.stream.AbstractPipeline.copyInto(AbstractPipeline.java:486)
at java.util.stream.AbstractPipeline.wrapAndCopyInto(AbstractPipeline.java:472)
at java.util.stream.FindOps$FindOp.evaluateSequential(FindOps.java:152)
at java.util.stream.AbstractPipeline.evaluate(AbstractPipeline.java:234)
at java.util.stream.ReferencePipeline.findFirst(ReferencePipeline.java:464)
at org.openqa.selenium.remote.ProtocolHandshake.createSession(ProtocolHandshake.java:128)
at org.openqa.selenium.remote.ProtocolHandshake.createSession(ProtocolHandshake.java:74)
at org.openqa.selenium.remote.HttpCommandExecutor.execute(HttpCommandExecutor.java:136)
at org.openqa.selenium.remote.service.DriverCommandExecutor.execute(DriverCommandExecutor.java:83)
at org.openqa.selenium.remote.RemoteWebDriver.execute(RemoteWebDriver.java:552)
at org.openqa.selenium.remote.RemoteWebDriver.startSession(RemoteWebDriver.java:213)
at org.openqa.selenium.remote.RemoteWebDriver.<init>(RemoteWebDriver.java:131)
at org.openqa.selenium.chrome.ChromeDriver.<init>(ChromeDriver.java:181)
at org.openqa.selenium.chrome.ChromeDriver.<init>(ChromeDriver.java:168)
at org.openqa.selenium.chrome.ChromeDriver.<init>(ChromeDriver.java:123)
at base.Config.setupbrowser(Config.java:24)
at java.util.ArrayList.forEach(ArrayList.java:1257)
at java.util.concurrent.FutureTask.run(FutureTask.java:266)
at java.util.concurrent.ThreadPoolExecutor.runWorker(ThreadPoolExecutor.java:1149)
at java.util.concurrent.ThreadPoolExecutor$Worker.run(ThreadPoolExecutor.java:624)
at java.lang.Thread.run(Thread.java:748)
... Removed 26 stack frames]]>
    </failure>
  </testcase> <!-- @BeforeMethod setupbrowser -->
  <testcase name="@AfterMethod close" time="0.0" classname="base.Config">
    <failure type="java.lang.NullPointerException">
      <![CDATA[java.lang.NullPointerException
at base.Config.close(Config.java:49)
at java.util.ArrayList.forEach(ArrayList.java:1257)
at java.util.concurrent.FutureTask.run(FutureTask.java:266)
at java.util.concurrent.ThreadPoolExecutor.runWorker(ThreadPoolExecutor.java:1149)
at java.util.concurrent.ThreadPoolExecutor$Worker.run(ThreadPoolExecutor.java:624)
at java.lang.Thread.run(Thread.java:748)
... Removed 23 stack frames]]>
    </failure>
  </testcase> <!-- @AfterMethod close -->
  <testcase name="@BeforeMethod setupbrowser" time="1.393" classname="base.Config">
    <failure type="org.openqa.selenium.SessionNotCreatedException" message="session not created: This version of ChromeDriver only supports Chrome version 77
Build info: version: &amp;apos;3.141.59&amp;apos;, revision: &amp;apos;e82be7d358&amp;apos;, time: &amp;apos;2018-11-14T08:25:48&amp;apos;
System info: host: &amp;apos;MDs-MacBook-Air.fios-router.home&amp;apos;, ip: &amp;apos;fe80:0:0:0:142a:bfee:a62f:30ef%en0&amp;apos;, os.name: &amp;apos;Mac OS X&amp;apos;, os.arch: &amp;apos;x86_64&amp;apos;, os.version: &amp;apos;10.15.2&amp;apos;, java.version: &amp;apos;1.8.0_221&amp;apos;
Driver info: driver.version: ChromeDriver
remote stacktrace: 0   chromedriver                        0x00000001029fef09 chromedriver + 3694345
1   chromedriver                        0x000000010298bfd3 chromedriver + 3223507
2   chromedriver                        0x000000010272b58f chromedriver + 730511
3   chromedriver                        0x000000010269110b chromedriver + 98571
4   chromedriver                        0x000000010268d22a chromedriver + 82474
5   chromedriver                        0x00000001026bab71 chromedriver + 269169
6   chromedriver                        0x00000001026b7e83 chromedriver + 257667
7   chromedriver                        0x000000010269323d chromedriver + 107069
8   chromedriver                        0x00000001026941d5 chromedriver + 111061
9   chromedriver                        0x00000001029ba07f chromedriver + 3412095
10  chromedriver                        0x00000001029c6ced chromedriver + 3464429
11  chromedriver                        0x00000001029c6a78 chromedriver + 3463800
12  chromedriver                        0x0000000102999959 chromedriver + 3279193
13  chromedriver                        0x00000001029c7548 chromedriver + 3466568
14  chromedriver                        0x00000001029ae1b7 chromedriver + 3363255
15  chromedriver                        0x00000001029e5474 chromedriver + 3589236
16  chromedriver                        0x0000000102a04ce7 chromedriver + 3718375
17  libsystem_pthread.dylib             0x00007fff6b7e9e65 _pthread_start + 148
18  libsystem_pthread.dylib             0x00007fff6b7e583b thread_start + 15
">
      <![CDATA[org.openqa.selenium.SessionNotCreatedException: session not created: This version of ChromeDriver only supports Chrome version 77
Build info: version: '3.141.59', revision: 'e82be7d358', time: '2018-11-14T08:25:48'
System info: host: 'MDs-MacBook-Air.fios-router.home', ip: 'fe80:0:0:0:142a:bfee:a62f:30ef%en0', os.name: 'Mac OS X', os.arch: 'x86_64', os.version: '10.15.2', java.version: '1.8.0_221'
Driver info: driver.version: ChromeDriver
remote stacktrace: 0   chromedriver                        0x00000001029fef09 chromedriver + 3694345
1   chromedriver                        0x000000010298bfd3 chromedriver + 3223507
2   chromedriver                        0x000000010272b58f chromedriver + 730511
3   chromedriver                        0x000000010269110b chromedriver + 98571
4   chromedriver                        0x000000010268d22a chromedriver + 82474
5   chromedriver                        0x00000001026bab71 chromedriver + 269169
6   chromedriver                        0x00000001026b7e83 chromedriver + 257667
7   chromedriver                        0x000000010269323d chromedriver + 107069
8   chromedriver                        0x00000001026941d5 chromedriver + 111061
9   chromedriver                        0x00000001029ba07f chromedriver + 3412095
10  chromedriver                        0x00000001029c6ced chromedriver + 3464429
11  chromedriver                        0x00000001029c6a78 chromedriver + 3463800
12  chromedriver                        0x0000000102999959 chromedriver + 3279193
13  chromedriver                        0x00000001029c7548 chromedriver + 3466568
14  chromedriver                        0x00000001029ae1b7 chromedriver + 3363255
15  chromedriver                        0x00000001029e5474 chromedriver + 3589236
16  chromedriver                        0x0000000102a04ce7 chromedriver + 3718375
17  libsystem_pthread.dylib             0x00007fff6b7e9e65 _pthread_start + 148
18  libsystem_pthread.dylib             0x00007fff6b7e583b thread_start + 15

at org.openqa.selenium.remote.W3CHandshakeResponse.lambda$errorHandler$0(W3CHandshakeResponse.java:62)
at org.openqa.selenium.remote.HandshakeResponse.lambda$getResponseFunction$0(HandshakeResponse.java:30)
at org.openqa.selenium.remote.ProtocolHandshake.lambda$createSession$0(ProtocolHandshake.java:126)
at java.util.stream.ReferencePipeline$3$1.accept(ReferencePipeline.java:193)
at java.util.Spliterators$ArraySpliterator.tryAdvance(Spliterators.java:958)
at java.util.stream.ReferencePipeline.forEachWithCancel(ReferencePipeline.java:126)
at java.util.stream.AbstractPipeline.copyIntoWithCancel(AbstractPipeline.java:499)
at java.util.stream.AbstractPipeline.copyInto(AbstractPipeline.java:486)
at java.util.stream.AbstractPipeline.wrapAndCopyInto(AbstractPipeline.java:472)
at java.util.stream.FindOps$FindOp.evaluateSequential(FindOps.java:152)
at java.util.stream.AbstractPipeline.evaluate(AbstractPipeline.java:234)
at java.util.stream.ReferencePipeline.findFirst(ReferencePipeline.java:464)
at org.openqa.selenium.remote.ProtocolHandshake.createSession(ProtocolHandshake.java:128)
at org.openqa.selenium.remote.ProtocolHandshake.createSession(ProtocolHandshake.java:74)
at org.openqa.selenium.remote.HttpCommandExecutor.execute(HttpCommandExecutor.java:136)
at org.openqa.selenium.remote.service.DriverCommandExecutor.execute(DriverCommandExecutor.java:83)
at org.openqa.selenium.remote.RemoteWebDriver.execute(RemoteWebDriver.java:552)
at org.openqa.selenium.remote.RemoteWebDriver.startSession(RemoteWebDriver.java:213)
at org.openqa.selenium.remote.RemoteWebDriver.<init>(RemoteWebDriver.java:131)
at org.openqa.selenium.chrome.ChromeDriver.<init>(ChromeDriver.java:181)
at org.openqa.selenium.chrome.ChromeDriver.<init>(ChromeDriver.java:168)
at org.openqa.selenium.chrome.ChromeDriver.<init>(ChromeDriver.java:123)
at base.Config.setupbrowser(Config.java:24)
at java.util.ArrayList.forEach(ArrayList.java:1257)
at java.util.concurrent.FutureTask.run(FutureTask.java:266)
at java.util.concurrent.ThreadPoolExecutor.runWorker(ThreadPoolExecutor.java:1149)
at java.util.concurrent.ThreadPoolExecutor$Worker.run(ThreadPoolExecutor.java:624)
at java.lang.Thread.run(Thread.java:748)
... Removed 26 stack frames]]>
    </failure>
  </testcase> <!-- @BeforeMethod setupbrowser -->
  <testcase name="@AfterMethod close" time="0.0" classname="base.Config">
    <failure type="java.lang.NullPointerException">
      <![CDATA[java.lang.NullPointerException
at base.Config.close(Config.java:49)
at java.util.ArrayList.forEach(ArrayList.java:1257)
at java.util.concurrent.FutureTask.run(FutureTask.java:266)
at java.util.concurrent.ThreadPoolExecutor.runWorker(ThreadPoolExecutor.java:1149)
at java.util.concurrent.ThreadPoolExecutor$Worker.run(ThreadPoolExecutor.java:624)
at java.lang.Thread.run(Thread.java:748)
... Removed 23 stack frames]]>
    </failure>
  </testcase> <!-- @AfterMethod close -->
  <testcase name="@BeforeMethod setupbrowser" time="1.402" classname="base.Config">
    <failure type="org.openqa.selenium.SessionNotCreatedException" message="session not created: This version of ChromeDriver only supports Chrome version 77
Build info: version: &amp;apos;3.141.59&amp;apos;, revision: &amp;apos;e82be7d358&amp;apos;, time: &amp;apos;2018-11-14T08:25:48&amp;apos;
System info: host: &amp;apos;MDs-MacBook-Air.fios-router.home&amp;apos;, ip: &amp;apos;fe80:0:0:0:142a:bfee:a62f:30ef%en0&amp;apos;, os.name: &amp;apos;Mac OS X&amp;apos;, os.arch: &amp;apos;x86_64&amp;apos;, os.version: &amp;apos;10.15.2&amp;apos;, java.version: &amp;apos;1.8.0_221&amp;apos;
Driver info: driver.version: ChromeDriver
remote stacktrace: 0   chromedriver                        0x000000010290cf09 chromedriver + 3694345
1   chromedriver                        0x0000000102899fd3 chromedriver + 3223507
2   chromedriver                        0x000000010263958f chromedriver + 730511
3   chromedriver                        0x000000010259f10b chromedriver + 98571
4   chromedriver                        0x000000010259b22a chromedriver + 82474
5   chromedriver                        0x00000001025c8b71 chromedriver + 269169
6   chromedriver                        0x00000001025c5e83 chromedriver + 257667
7   chromedriver                        0x00000001025a123d chromedriver + 107069
8   chromedriver                        0x00000001025a21d5 chromedriver + 111061
9   chromedriver                        0x00000001028c807f chromedriver + 3412095
10  chromedriver                        0x00000001028d4ced chromedriver + 3464429
11  chromedriver                        0x00000001028d4a78 chromedriver + 3463800
12  chromedriver                        0x00000001028a7959 chromedriver + 3279193
13  chromedriver                        0x00000001028d5548 chromedriver + 3466568
14  chromedriver                        0x00000001028bc1b7 chromedriver + 3363255
15  chromedriver                        0x00000001028f3474 chromedriver + 3589236
16  chromedriver                        0x0000000102912ce7 chromedriver + 3718375
17  libsystem_pthread.dylib             0x00007fff6b7e9e65 _pthread_start + 148
18  libsystem_pthread.dylib             0x00007fff6b7e583b thread_start + 15
">
      <![CDATA[org.openqa.selenium.SessionNotCreatedException: session not created: This version of ChromeDriver only supports Chrome version 77
Build info: version: '3.141.59', revision: 'e82be7d358', time: '2018-11-14T08:25:48'
System info: host: 'MDs-MacBook-Air.fios-router.home', ip: 'fe80:0:0:0:142a:bfee:a62f:30ef%en0', os.name: 'Mac OS X', os.arch: 'x86_64', os.version: '10.15.2', java.version: '1.8.0_221'
Driver info: driver.version: ChromeDriver
remote stacktrace: 0   chromedriver                        0x000000010290cf09 chromedriver + 3694345
1   chromedriver                        0x0000000102899fd3 chromedriver + 3223507
2   chromedriver                        0x000000010263958f chromedriver + 730511
3   chromedriver                        0x000000010259f10b chromedriver + 98571
4   chromedriver                        0x000000010259b22a chromedriver + 82474
5   chromedriver                        0x00000001025c8b71 chromedriver + 269169
6   chromedriver                        0x00000001025c5e83 chromedriver + 257667
7   chromedriver                        0x00000001025a123d chromedriver + 107069
8   chromedriver                        0x00000001025a21d5 chromedriver + 111061
9   chromedriver                        0x00000001028c807f chromedriver + 3412095
10  chromedriver                        0x00000001028d4ced chromedriver + 3464429
11  chromedriver                        0x00000001028d4a78 chromedriver + 3463800
12  chromedriver                        0x00000001028a7959 chromedriver + 3279193
13  chromedriver                        0x00000001028d5548 chromedriver + 3466568
14  chromedriver                        0x00000001028bc1b7 chromedriver + 3363255
15  chromedriver                        0x00000001028f3474 chromedriver + 3589236
16  chromedriver                        0x0000000102912ce7 chromedriver + 3718375
17  libsystem_pthread.dylib             0x00007fff6b7e9e65 _pthread_start + 148
18  libsystem_pthread.dylib             0x00007fff6b7e583b thread_start + 15

at org.openqa.selenium.remote.W3CHandshakeResponse.lambda$errorHandler$0(W3CHandshakeResponse.java:62)
at org.openqa.selenium.remote.HandshakeResponse.lambda$getResponseFunction$0(HandshakeResponse.java:30)
at org.openqa.selenium.remote.ProtocolHandshake.lambda$createSession$0(ProtocolHandshake.java:126)
at java.util.stream.ReferencePipeline$3$1.accept(ReferencePipeline.java:193)
at java.util.Spliterators$ArraySpliterator.tryAdvance(Spliterators.java:958)
at java.util.stream.ReferencePipeline.forEachWithCancel(ReferencePipeline.java:126)
at java.util.stream.AbstractPipeline.copyIntoWithCancel(AbstractPipeline.java:499)
at java.util.stream.AbstractPipeline.copyInto(AbstractPipeline.java:486)
at java.util.stream.AbstractPipeline.wrapAndCopyInto(AbstractPipeline.java:472)
at java.util.stream.FindOps$FindOp.evaluateSequential(FindOps.java:152)
at java.util.stream.AbstractPipeline.evaluate(AbstractPipeline.java:234)
at java.util.stream.ReferencePipeline.findFirst(ReferencePipeline.java:464)
at org.openqa.selenium.remote.ProtocolHandshake.createSession(ProtocolHandshake.java:128)
at org.openqa.selenium.remote.ProtocolHandshake.createSession(ProtocolHandshake.java:74)
at org.openqa.selenium.remote.HttpCommandExecutor.execute(HttpCommandExecutor.java:136)
at org.openqa.selenium.remote.service.DriverCommandExecutor.execute(DriverCommandExecutor.java:83)
at org.openqa.selenium.remote.RemoteWebDriver.execute(RemoteWebDriver.java:552)
at org.openqa.selenium.remote.RemoteWebDriver.startSession(RemoteWebDriver.java:213)
at org.openqa.selenium.remote.RemoteWebDriver.<init>(RemoteWebDriver.java:131)
at org.openqa.selenium.chrome.ChromeDriver.<init>(ChromeDriver.java:181)
at org.openqa.selenium.chrome.ChromeDriver.<init>(ChromeDriver.java:168)
at org.openqa.selenium.chrome.ChromeDriver.<init>(ChromeDriver.java:123)
at base.Config.setupbrowser(Config.java:24)
at java.util.ArrayList.forEach(ArrayList.java:1257)
at java.util.concurrent.FutureTask.run(FutureTask.java:266)
at java.util.concurrent.ThreadPoolExecutor.runWorker(ThreadPoolExecutor.java:1149)
at java.util.concurrent.ThreadPoolExecutor$Worker.run(ThreadPoolExecutor.java:624)
at java.lang.Thread.run(Thread.java:748)
... Removed 26 stack frames]]>
    </failure>
  </testcase> <!-- @BeforeMethod setupbrowser -->
  <testcase name="@AfterMethod close" time="0.0" classname="base.Config">
    <failure type="java.lang.NullPointerException">
      <![CDATA[java.lang.NullPointerException
at base.Config.close(Config.java:49)
at java.util.ArrayList.forEach(ArrayList.java:1257)
at java.util.concurrent.FutureTask.run(FutureTask.java:266)
at java.util.concurrent.ThreadPoolExecutor.runWorker(ThreadPoolExecutor.java:1149)
at java.util.concurrent.ThreadPoolExecutor$Worker.run(ThreadPoolExecutor.java:624)
at java.lang.Thread.run(Thread.java:748)
... Removed 23 stack frames]]>
    </failure>
  </testcase> <!-- @AfterMethod close -->
  <testcase name="@BeforeMethod setupbrowser" time="1.41" classname="base.Config">
    <failure type="org.openqa.selenium.SessionNotCreatedException" message="session not created: This version of ChromeDriver only supports Chrome version 77
Build info: version: &amp;apos;3.141.59&amp;apos;, revision: &amp;apos;e82be7d358&amp;apos;, time: &amp;apos;2018-11-14T08:25:48&amp;apos;
System info: host: &amp;apos;MDs-MacBook-Air.fios-router.home&amp;apos;, ip: &amp;apos;fe80:0:0:0:142a:bfee:a62f:30ef%en0&amp;apos;, os.name: &amp;apos;Mac OS X&amp;apos;, os.arch: &amp;apos;x86_64&amp;apos;, os.version: &amp;apos;10.15.2&amp;apos;, java.version: &amp;apos;1.8.0_221&amp;apos;
Driver info: driver.version: ChromeDriver
remote stacktrace: 0   chromedriver                        0x000000010e77ff09 chromedriver + 3694345
1   chromedriver                        0x000000010e70cfd3 chromedriver + 3223507
2   chromedriver                        0x000000010e4ac58f chromedriver + 730511
3   chromedriver                        0x000000010e41210b chromedriver + 98571
4   chromedriver                        0x000000010e40e22a chromedriver + 82474
5   chromedriver                        0x000000010e43bb71 chromedriver + 269169
6   chromedriver                        0x000000010e438e83 chromedriver + 257667
7   chromedriver                        0x000000010e41423d chromedriver + 107069
8   chromedriver                        0x000000010e4151d5 chromedriver + 111061
9   chromedriver                        0x000000010e73b07f chromedriver + 3412095
10  chromedriver                        0x000000010e747ced chromedriver + 3464429
11  chromedriver                        0x000000010e747a78 chromedriver + 3463800
12  chromedriver                        0x000000010e71a959 chromedriver + 3279193
13  chromedriver                        0x000000010e748548 chromedriver + 3466568
14  chromedriver                        0x000000010e72f1b7 chromedriver + 3363255
15  chromedriver                        0x000000010e766474 chromedriver + 3589236
16  chromedriver                        0x000000010e785ce7 chromedriver + 3718375
17  libsystem_pthread.dylib             0x00007fff6b7e9e65 _pthread_start + 148
18  libsystem_pthread.dylib             0x00007fff6b7e583b thread_start + 15
">
      <![CDATA[org.openqa.selenium.SessionNotCreatedException: session not created: This version of ChromeDriver only supports Chrome version 77
Build info: version: '3.141.59', revision: 'e82be7d358', time: '2018-11-14T08:25:48'
System info: host: 'MDs-MacBook-Air.fios-router.home', ip: 'fe80:0:0:0:142a:bfee:a62f:30ef%en0', os.name: 'Mac OS X', os.arch: 'x86_64', os.version: '10.15.2', java.version: '1.8.0_221'
Driver info: driver.version: ChromeDriver
remote stacktrace: 0   chromedriver                        0x000000010e77ff09 chromedriver + 3694345
1   chromedriver                        0x000000010e70cfd3 chromedriver + 3223507
2   chromedriver                        0x000000010e4ac58f chromedriver + 730511
3   chromedriver                        0x000000010e41210b chromedriver + 98571
4   chromedriver                        0x000000010e40e22a chromedriver + 82474
5   chromedriver                        0x000000010e43bb71 chromedriver + 269169
6   chromedriver                        0x000000010e438e83 chromedriver + 257667
7   chromedriver                        0x000000010e41423d chromedriver + 107069
8   chromedriver                        0x000000010e4151d5 chromedriver + 111061
9   chromedriver                        0x000000010e73b07f chromedriver + 3412095
10  chromedriver                        0x000000010e747ced chromedriver + 3464429
11  chromedriver                        0x000000010e747a78 chromedriver + 3463800
12  chromedriver                        0x000000010e71a959 chromedriver + 3279193
13  chromedriver                        0x000000010e748548 chromedriver + 3466568
14  chromedriver                        0x000000010e72f1b7 chromedriver + 3363255
15  chromedriver                        0x000000010e766474 chromedriver + 3589236
16  chromedriver                        0x000000010e785ce7 chromedriver + 3718375
17  libsystem_pthread.dylib             0x00007fff6b7e9e65 _pthread_start + 148
18  libsystem_pthread.dylib             0x00007fff6b7e583b thread_start + 15

at org.openqa.selenium.remote.W3CHandshakeResponse.lambda$errorHandler$0(W3CHandshakeResponse.java:62)
at org.openqa.selenium.remote.HandshakeResponse.lambda$getResponseFunction$0(HandshakeResponse.java:30)
at org.openqa.selenium.remote.ProtocolHandshake.lambda$createSession$0(ProtocolHandshake.java:126)
at java.util.stream.ReferencePipeline$3$1.accept(ReferencePipeline.java:193)
at java.util.Spliterators$ArraySpliterator.tryAdvance(Spliterators.java:958)
at java.util.stream.ReferencePipeline.forEachWithCancel(ReferencePipeline.java:126)
at java.util.stream.AbstractPipeline.copyIntoWithCancel(AbstractPipeline.java:499)
at java.util.stream.AbstractPipeline.copyInto(AbstractPipeline.java:486)
at java.util.stream.AbstractPipeline.wrapAndCopyInto(AbstractPipeline.java:472)
at java.util.stream.FindOps$FindOp.evaluateSequential(FindOps.java:152)
at java.util.stream.AbstractPipeline.evaluate(AbstractPipeline.java:234)
at java.util.stream.ReferencePipeline.findFirst(ReferencePipeline.java:464)
at org.openqa.selenium.remote.ProtocolHandshake.createSession(ProtocolHandshake.java:128)
at org.openqa.selenium.remote.ProtocolHandshake.createSession(ProtocolHandshake.java:74)
at org.openqa.selenium.remote.HttpCommandExecutor.execute(HttpCommandExecutor.java:136)
at org.openqa.selenium.remote.service.DriverCommandExecutor.execute(DriverCommandExecutor.java:83)
at org.openqa.selenium.remote.RemoteWebDriver.execute(RemoteWebDriver.java:552)
at org.openqa.selenium.remote.RemoteWebDriver.startSession(RemoteWebDriver.java:213)
at org.openqa.selenium.remote.RemoteWebDriver.<init>(RemoteWebDriver.java:131)
at org.openqa.selenium.chrome.ChromeDriver.<init>(ChromeDriver.java:181)
at org.openqa.selenium.chrome.ChromeDriver.<init>(ChromeDriver.java:168)
at org.openqa.selenium.chrome.ChromeDriver.<init>(ChromeDriver.java:123)
at base.Config.setupbrowser(Config.java:24)
at java.util.ArrayList.forEach(ArrayList.java:1257)
at java.util.concurrent.FutureTask.run(FutureTask.java:266)
at java.util.concurrent.ThreadPoolExecutor.runWorker(ThreadPoolExecutor.java:1149)
at java.util.concurrent.ThreadPoolExecutor$Worker.run(ThreadPoolExecutor.java:624)
at java.lang.Thread.run(Thread.java:748)
... Removed 26 stack frames]]>
    </failure>
  </testcase> <!-- @BeforeMethod setupbrowser -->
  <testcase name="@AfterMethod close" time="0.0" classname="base.Config">
    <failure type="java.lang.NullPointerException">
      <![CDATA[java.lang.NullPointerException
at base.Config.close(Config.java:49)
at java.util.ArrayList.forEach(ArrayList.java:1257)
at java.util.concurrent.FutureTask.run(FutureTask.java:266)
at java.util.concurrent.ThreadPoolExecutor.runWorker(ThreadPoolExecutor.java:1149)
at java.util.concurrent.ThreadPoolExecutor$Worker.run(ThreadPoolExecutor.java:624)
at java.lang.Thread.run(Thread.java:748)
... Removed 23 stack frames]]>
    </failure>
  </testcase> <!-- @AfterMethod close -->
  <testcase name="@BeforeMethod setupbrowser" time="1.324" classname="base.Config">
    <failure type="org.openqa.selenium.SessionNotCreatedException" message="session not created: This version of ChromeDriver only supports Chrome version 77
Build info: version: &amp;apos;3.141.59&amp;apos;, revision: &amp;apos;e82be7d358&amp;apos;, time: &amp;apos;2018-11-14T08:25:48&amp;apos;
System info: host: &amp;apos;MDs-MacBook-Air.fios-router.home&amp;apos;, ip: &amp;apos;fe80:0:0:0:142a:bfee:a62f:30ef%en0&amp;apos;, os.name: &amp;apos;Mac OS X&amp;apos;, os.arch: &amp;apos;x86_64&amp;apos;, os.version: &amp;apos;10.15.2&amp;apos;, java.version: &amp;apos;1.8.0_221&amp;apos;
Driver info: driver.version: ChromeDriver
remote stacktrace: 0   chromedriver                        0x000000010ac33f09 chromedriver + 3694345
1   chromedriver                        0x000000010abc0fd3 chromedriver + 3223507
2   chromedriver                        0x000000010a96058f chromedriver + 730511
3   chromedriver                        0x000000010a8c610b chromedriver + 98571
4   chromedriver                        0x000000010a8c222a chromedriver + 82474
5   chromedriver                        0x000000010a8efb71 chromedriver + 269169
6   chromedriver                        0x000000010a8ece83 chromedriver + 257667
7   chromedriver                        0x000000010a8c823d chromedriver + 107069
8   chromedriver                        0x000000010a8c91d5 chromedriver + 111061
9   chromedriver                        0x000000010abef07f chromedriver + 3412095
10  chromedriver                        0x000000010abfbced chromedriver + 3464429
11  chromedriver                        0x000000010abfba78 chromedriver + 3463800
12  chromedriver                        0x000000010abce959 chromedriver + 3279193
13  chromedriver                        0x000000010abfc548 chromedriver + 3466568
14  chromedriver                        0x000000010abe31b7 chromedriver + 3363255
15  chromedriver                        0x000000010ac1a474 chromedriver + 3589236
16  chromedriver                        0x000000010ac39ce7 chromedriver + 3718375
17  libsystem_pthread.dylib             0x00007fff6b7e9e65 _pthread_start + 148
18  libsystem_pthread.dylib             0x00007fff6b7e583b thread_start + 15
">
      <![CDATA[org.openqa.selenium.SessionNotCreatedException: session not created: This version of ChromeDriver only supports Chrome version 77
Build info: version: '3.141.59', revision: 'e82be7d358', time: '2018-11-14T08:25:48'
System info: host: 'MDs-MacBook-Air.fios-router.home', ip: 'fe80:0:0:0:142a:bfee:a62f:30ef%en0', os.name: 'Mac OS X', os.arch: 'x86_64', os.version: '10.15.2', java.version: '1.8.0_221'
Driver info: driver.version: ChromeDriver
remote stacktrace: 0   chromedriver                        0x000000010ac33f09 chromedriver + 3694345
1   chromedriver                        0x000000010abc0fd3 chromedriver + 3223507
2   chromedriver                        0x000000010a96058f chromedriver + 730511
3   chromedriver                        0x000000010a8c610b chromedriver + 98571
4   chromedriver                        0x000000010a8c222a chromedriver + 82474
5   chromedriver                        0x000000010a8efb71 chromedriver + 269169
6   chromedriver                        0x000000010a8ece83 chromedriver + 257667
7   chromedriver                        0x000000010a8c823d chromedriver + 107069
8   chromedriver                        0x000000010a8c91d5 chromedriver + 111061
9   chromedriver                        0x000000010abef07f chromedriver + 3412095
10  chromedriver                        0x000000010abfbced chromedriver + 3464429
11  chromedriver                        0x000000010abfba78 chromedriver + 3463800
12  chromedriver                        0x000000010abce959 chromedriver + 3279193
13  chromedriver                        0x000000010abfc548 chromedriver + 3466568
14  chromedriver                        0x000000010abe31b7 chromedriver + 3363255
15  chromedriver                        0x000000010ac1a474 chromedriver + 3589236
16  chromedriver                        0x000000010ac39ce7 chromedriver + 3718375
17  libsystem_pthread.dylib             0x00007fff6b7e9e65 _pthread_start + 148
18  libsystem_pthread.dylib             0x00007fff6b7e583b thread_start + 15

at org.openqa.selenium.remote.W3CHandshakeResponse.lambda$errorHandler$0(W3CHandshakeResponse.java:62)
at org.openqa.selenium.remote.HandshakeResponse.lambda$getResponseFunction$0(HandshakeResponse.java:30)
at org.openqa.selenium.remote.ProtocolHandshake.lambda$createSession$0(ProtocolHandshake.java:126)
at java.util.stream.ReferencePipeline$3$1.accept(ReferencePipeline.java:193)
at java.util.Spliterators$ArraySpliterator.tryAdvance(Spliterators.java:958)
at java.util.stream.ReferencePipeline.forEachWithCancel(ReferencePipeline.java:126)
at java.util.stream.AbstractPipeline.copyIntoWithCancel(AbstractPipeline.java:499)
at java.util.stream.AbstractPipeline.copyInto(AbstractPipeline.java:486)
at java.util.stream.AbstractPipeline.wrapAndCopyInto(AbstractPipeline.java:472)
at java.util.stream.FindOps$FindOp.evaluateSequential(FindOps.java:152)
at java.util.stream.AbstractPipeline.evaluate(AbstractPipeline.java:234)
at java.util.stream.ReferencePipeline.findFirst(ReferencePipeline.java:464)
at org.openqa.selenium.remote.ProtocolHandshake.createSession(ProtocolHandshake.java:128)
at org.openqa.selenium.remote.ProtocolHandshake.createSession(ProtocolHandshake.java:74)
at org.openqa.selenium.remote.HttpCommandExecutor.execute(HttpCommandExecutor.java:136)
at org.openqa.selenium.remote.service.DriverCommandExecutor.execute(DriverCommandExecutor.java:83)
at org.openqa.selenium.remote.RemoteWebDriver.execute(RemoteWebDriver.java:552)
at org.openqa.selenium.remote.RemoteWebDriver.startSession(RemoteWebDriver.java:213)
at org.openqa.selenium.remote.RemoteWebDriver.<init>(RemoteWebDriver.java:131)
at org.openqa.selenium.chrome.ChromeDriver.<init>(ChromeDriver.java:181)
at org.openqa.selenium.chrome.ChromeDriver.<init>(ChromeDriver.java:168)
at org.openqa.selenium.chrome.ChromeDriver.<init>(ChromeDriver.java:123)
at base.Config.setupbrowser(Config.java:24)
at java.util.ArrayList.forEach(ArrayList.java:1257)
at java.util.concurrent.FutureTask.run(FutureTask.java:266)
at java.util.concurrent.ThreadPoolExecutor.runWorker(ThreadPoolExecutor.java:1149)
at java.util.concurrent.ThreadPoolExecutor$Worker.run(ThreadPoolExecutor.java:624)
at java.lang.Thread.run(Thread.java:748)
... Removed 26 stack frames]]>
    </failure>
  </testcase> <!-- @BeforeMethod setupbrowser -->
  <testcase name="@AfterMethod close" time="0.0" classname="base.Config">
    <failure type="java.lang.NullPointerException">
      <![CDATA[java.lang.NullPointerException
at base.Config.close(Config.java:49)
at java.util.ArrayList.forEach(ArrayList.java:1257)
at java.util.concurrent.FutureTask.run(FutureTask.java:266)
at java.util.concurrent.ThreadPoolExecutor.runWorker(ThreadPoolExecutor.java:1149)
at java.util.concurrent.ThreadPoolExecutor$Worker.run(ThreadPoolExecutor.java:624)
at java.lang.Thread.run(Thread.java:748)
... Removed 23 stack frames]]>
    </failure>
  </testcase> <!-- @AfterMethod close -->
  <testcase name="AddToCart" time="0.001" classname="testSet.AmazonCartTest">
    <skipped/>
  </testcase> <!-- AddToCart -->
  <testcase name="AzHomepage" time="0.0" classname="testSet.AmazonHmPage">
    <skipped/>
  </testcase> <!-- AzHomepage -->
  <testcase name="AzLogin" time="0.0" classname="testSet.AmazonHmPage">
    <skipped/>
  </testcase> <!-- AzLogin -->
  <testcase name="amazonlogoTest" time="0.0" classname="testSet.AmazonHmPage">
    <skipped/>
  </testcase> <!-- amazonlogoTest -->
  <testcase name="demo" time="0.0" classname="testSet.AmazonHmPage">
    <skipped/>
  </testcase> <!-- demo -->
  <testcase name="demo2" time="0.0" classname="testSet.AmazonHmPage">
    <skipped/>
  </testcase> <!-- demo2 -->
  <testcase name="demo3" time="0.0" classname="testSet.AmazonHmPage">
    <skipped/>
  </testcase> <!-- demo3 -->
  <testcase name="demo4" time="0.0" classname="testSet.AmazonHmPage">
    <skipped/>
  </testcase> <!-- demo4 -->
  <testcase name="tittle" time="0.0" classname="testSet.AmazonHmPage">
    <skipped/>
  </testcase> <!-- tittle -->
</testsuite> <!-- Test1 -->
